#
# There is insufficient memory for the Java Runtime Environment to continue.
# Native memory allocation (malloc) failed to allocate 2097152 bytes. Error detail: AllocateHeap
# Possible reasons:
#   The system is out of physical RAM or swap space
#   This process is running with CompressedOops enabled, and the Java Heap may be blocking the growth of the native heap
# Possible solutions:
#   Reduce memory load on the system
#   Increase physical memory or swap space
#   Check if swap backing store is full
#   Decrease Java heap size (-Xmx/-Xms)
#   Decrease number of Java threads
#   Decrease Java thread stack sizes (-Xss)
#   Set larger code cache with -XX:ReservedCodeCacheSize=
#   JVM is running with Unscaled Compressed Oops mode in which the Java heap is
#     placed in the first 4GB address space. The Java Heap base address is the
#     maximum limit for the native heap growth. Please use -XX:HeapBaseMinAddress
#     to set the Java Heap base and to place the Java Heap above 4GB virtual address.
# This output file may be truncated or incomplete.
#
#  Out of Memory Error (allocation.cpp:44), pid=27852, tid=10932
#
# JRE version: OpenJDK Runtime Environment JBR-17.0.12+1-1087.25-jcef (17.0.12+1) (build 17.0.12+1-b1087.25)
# Java VM: OpenJDK 64-Bit Server VM JBR-17.0.12+1-1087.25-jcef (17.0.12+1-b1087.25, mixed mode, tiered, compressed oops, compressed class ptrs, g1 gc, windows-amd64)
# No core dump will be written. Minidumps are not enabled by default on client versions of Windows
#

---------------  S U M M A R Y ------------

Command Line: -Xmx512m C:\Program Files\Huawei\DevEco Studio\tools\hvigor\hvigor\lib\hvigor-java-daemon.jar 45050 00000050ab64a86b80105278142f8fe9449dc8cea10546655aea337a0e62f70b925e0f0de5b90ee92cddef473b2b0165058911ed8c4a65c99e0b20ad285728d275ab1848a6debe0339654e4c4ddcd76a36bc53dc35861ccef39a24e55d15902a

Host: 11th Gen Intel(R) Core(TM) i7-1165G7 @ 2.80GHz, 8 cores, 15G,  Windows 10 , 64 bit Build 19041 (10.0.19041.5915)
Time: Fri Sep 12 14:47:12 2025  Windows 10 , 64 bit Build 19041 (10.0.19041.5915) elapsed time: 19594.650721 seconds (0d 5h 26m 34s)

---------------  T H R E A D  ---------------

Current thread (0x0000022e58b37350):  VMThread "VM Thread" [stack: 0x000000cb0a900000,0x000000cb0aa00000] [id=10932]

Stack: [0x000000cb0a900000,0x000000cb0aa00000]
Native frames: (J=compiled Java code, j=interpreted, Vv=VM code, C=native code)
V  [jvm.dll+0x688dd9]
V  [jvm.dll+0x842eaa]
V  [jvm.dll+0x844aee]
V  [jvm.dll+0x845153]
V  [jvm.dll+0x24ba3f]
V  [jvm.dll+0xa6cc3]
V  [jvm.dll+0x2fd4f1]
V  [jvm.dll+0x2f8830]
V  [jvm.dll+0x2e0f0f]
V  [jvm.dll+0x324837]
V  [jvm.dll+0x84984b]
V  [jvm.dll+0x84a582]
V  [jvm.dll+0x84aa9d]
V  [jvm.dll+0x84ae74]
V  [jvm.dll+0x84af40]
V  [jvm.dll+0x7f17da]
V  [jvm.dll+0x687c55]
C  [ucrtbase.dll+0x21bb2]
C  [KERNEL32.DLL+0x17374]
C  [ntdll.dll+0x4cc91]

VM_Operation (0x000000cb0a0fee40): G1CollectFull, mode: safepoint, requested by thread 0x0000022e5f991e50


---------------  P R O C E S S  ---------------

Threads class SMR info:
_java_thread_list=0x0000022e5f9b4df0, length=28, elements={
0x0000022e58b38e10, 0x0000022e58b399d0, 0x0000022e5d04c810, 0x0000022e5d04d0e0,
0x0000022e5d04daa0, 0x0000022e5d0728d0, 0x0000022e5d0735c0, 0x0000022e5d074070,
0x0000022e5d074a70, 0x0000022e5d1f3b10, 0x0000022e5d1f4400, 0x0000022e5d2aee10,
0x0000022e422edba0, 0x0000022e5d4da080, 0x0000022e5d4da560, 0x0000022e5d4c5570,
0x0000022e5d4c5a50, 0x0000022e5d598ef0, 0x0000022e5d5997e0, 0x0000022e5d697b50,
0x0000022e5d698060, 0x0000022e5d699ec0, 0x0000022e5f995b10, 0x0000022e5f991430,
0x0000022e5f9937a0, 0x0000022e5f9941c0, 0x0000022e5f9950f0, 0x0000022e5f991e50
}

Java Threads: ( => current thread )
  0x0000022e58b38e10 JavaThread "Reference Handler" daemon [_thread_blocked, id=21560, stack(0x000000cb0aa00000,0x000000cb0ab00000)]
  0x0000022e58b399d0 JavaThread "Finalizer" daemon [_thread_blocked, id=4540, stack(0x000000cb0ab00000,0x000000cb0ac00000)]
  0x0000022e5d04c810 JavaThread "Signal Dispatcher" daemon [_thread_blocked, id=32248, stack(0x000000cb0ac00000,0x000000cb0ad00000)]
  0x0000022e5d04d0e0 JavaThread "Attach Listener" daemon [_thread_blocked, id=34280, stack(0x000000cb0ad00000,0x000000cb0ae00000)]
  0x0000022e5d04daa0 JavaThread "Service Thread" daemon [_thread_blocked, id=34572, stack(0x000000cb0ae00000,0x000000cb0af00000)]
  0x0000022e5d0728d0 JavaThread "Monitor Deflation Thread" daemon [_thread_blocked, id=26356, stack(0x000000cb0af00000,0x000000cb0b000000)]
  0x0000022e5d0735c0 JavaThread "C2 CompilerThread0" daemon [_thread_blocked, id=17356, stack(0x000000cb0b000000,0x000000cb0b100000)]
  0x0000022e5d074070 JavaThread "C1 CompilerThread0" daemon [_thread_blocked, id=31048, stack(0x000000cb0b100000,0x000000cb0b200000)]
  0x0000022e5d074a70 JavaThread "Sweeper thread" daemon [_thread_blocked, id=25812, stack(0x000000cb0b200000,0x000000cb0b300000)]
  0x0000022e5d1f3b10 JavaThread "Notification Thread" daemon [_thread_blocked, id=11356, stack(0x000000cb0b300000,0x000000cb0b400000)]
  0x0000022e5d1f4400 JavaThread "Common-Cleaner" daemon [_thread_blocked, id=35124, stack(0x000000cb0b500000,0x000000cb0b600000)]
  0x0000022e5d2aee10 JavaThread "WebSocketSelector-23" [_thread_blocked, id=32436, stack(0x000000cb0b600000,0x000000cb0b700000)]
  0x0000022e422edba0 JavaThread "DestroyJavaVM" [_thread_blocked, id=35184, stack(0x000000cb0a300000,0x000000cb0a400000)]
  0x0000022e5d4da080 JavaThread "connectionLostChecker-1" [_thread_blocked, id=23316, stack(0x000000cb0b700000,0x000000cb0b800000)]
  0x0000022e5d4da560 JavaThread "WebSocketWorker-15" [_thread_blocked, id=27560, stack(0x000000cb0b800000,0x000000cb0b900000)]
  0x0000022e5d4c5570 JavaThread "WebSocketWorker-16" [_thread_blocked, id=33548, stack(0x000000cb0b900000,0x000000cb0ba00000)]
  0x0000022e5d4c5a50 JavaThread "WebSocketWorker-17" [_thread_blocked, id=27288, stack(0x000000cb0ba00000,0x000000cb0bb00000)]
  0x0000022e5d598ef0 JavaThread "WebSocketWorker-18" [_thread_blocked, id=35016, stack(0x000000cb0bb00000,0x000000cb0bc00000)]
  0x0000022e5d5997e0 JavaThread "WebSocketWorker-19" [_thread_blocked, id=35512, stack(0x000000cb0bc00000,0x000000cb0bd00000)]
  0x0000022e5d697b50 JavaThread "WebSocketWorker-20" [_thread_blocked, id=2944, stack(0x000000cb0bd00000,0x000000cb0be00000)]
  0x0000022e5d698060 JavaThread "WebSocketWorker-21" [_thread_blocked, id=30728, stack(0x000000cb0be00000,0x000000cb0bf00000)]
  0x0000022e5d699ec0 JavaThread "WebSocketWorker-22" [_thread_blocked, id=21376, stack(0x000000cb0bf00000,0x000000cb0c000000)]
  0x0000022e5f995b10 JavaThread "ForkJoinPool.commonPool-worker-92" daemon [_thread_blocked, id=26812, stack(0x000000cb0ce00000,0x000000cb0cf00000)]
  0x0000022e5f991430 JavaThread "ForkJoinPool.commonPool-worker-110" daemon [_thread_blocked, id=23360, stack(0x000000cb0d000000,0x000000cb0d100000)]
  0x0000022e5f9937a0 JavaThread "ForkJoinPool.commonPool-worker-111" daemon [_thread_blocked, id=26380, stack(0x000000cb0c800000,0x000000cb0c900000)]
  0x0000022e5f9941c0 JavaThread "ForkJoinPool.commonPool-worker-112" daemon [_thread_blocked, id=33736, stack(0x000000cb0cb00000,0x000000cb0cc00000)]
  0x0000022e5f9950f0 JavaThread "ForkJoinPool.commonPool-worker-113" daemon [_thread_blocked, id=1260, stack(0x000000cb0c900000,0x000000cb0ca00000)]
  0x0000022e5f991e50 JavaThread "pool-1-thread-39" [_thread_blocked, id=24596, stack(0x000000cb0a000000,0x000000cb0a100000)]

Other Threads:
=>0x0000022e58b37350 VMThread "VM Thread" [stack: 0x000000cb0a900000,0x000000cb0aa00000] [id=10932]
  0x0000022e5d111e00 WatcherThread [stack: 0x000000cb0b400000,0x000000cb0b500000] [id=23428]
  0x0000022e4231c1a0 GCTaskThread "GC Thread#0" [stack: 0x000000cb0a400000,0x000000cb0a500000] [id=24340]
  0x0000022e5d99e730 GCTaskThread "GC Thread#1" [stack: 0x000000cb0a200000,0x000000cb0a300000] [id=32412]
  0x0000022e5d99e9f0 GCTaskThread "GC Thread#2" [stack: 0x000000cb0c200000,0x000000cb0c300000] [id=18276]
  0x0000022e5d99ecb0 GCTaskThread "GC Thread#3" [stack: 0x000000cb0c300000,0x000000cb0c400000] [id=31648]
  0x0000022e5d99ef70 GCTaskThread "GC Thread#4" [stack: 0x000000cb0c400000,0x000000cb0c500000] [id=34320]
  0x0000022e5d99f230 GCTaskThread "GC Thread#5" [stack: 0x000000cb0c500000,0x000000cb0c600000] [id=22112]
  0x0000022e5d97ee50 GCTaskThread "GC Thread#6" [stack: 0x000000cb0c600000,0x000000cb0c700000] [id=30572]
  0x0000022e5d97f110 GCTaskThread "GC Thread#7" [stack: 0x000000cb0c700000,0x000000cb0c800000] [id=2312]
  0x0000022e423210f0 ConcurrentGCThread "G1 Main Marker" [stack: 0x000000cb0a500000,0x000000cb0a600000] [id=30352]
  0x0000022e42321b10 ConcurrentGCThread "G1 Conc#0" [stack: 0x000000cb0a600000,0x000000cb0a700000] [id=13980]
  0x0000022e5e3cd600 ConcurrentGCThread "G1 Conc#1" [stack: 0x000000cb0ca00000,0x000000cb0cb00000] [id=26568]
  0x0000022e423ae120 ConcurrentGCThread "G1 Refine#0" [stack: 0x000000cb0a700000,0x000000cb0a800000] [id=13856]
  0x0000022e423aeb50 ConcurrentGCThread "G1 Service" [stack: 0x000000cb0a800000,0x000000cb0a900000] [id=24664]

Threads with active compile tasks:

VM state: at safepoint (normal execution)

VM Mutex/Monitor currently owned by a thread:  ([mutex/lock_event])
[0x0000022e422eb640] Threads_lock - owner thread: 0x0000022e58b37350
[0x0000022e422ea560] Heap_lock - owner thread: 0x0000022e5f991e50

Heap address: 0x00000000e0000000, size: 512 MB, Compressed Oops mode: 32-bit

CDS archive(s) not mapped
Compressed class space mapped at: 0x0000000100000000-0x0000000140000000, reserved size: 1073741824
Narrow klass base: 0x0000000000000000, Narrow klass shift: 3, Narrow klass range: 0x140000000

GC Precious Log:
 CPUs: 8 total, 8 available
 Memory: 16082M
 Large Page Support: Disabled
 NUMA Support: Disabled
 Compressed Oops: Enabled (32-bit)
 Heap Region Size: 1M
 Heap Min Capacity: 8M
 Heap Initial Capacity: 252M
 Heap Max Capacity: 512M
 Pre-touch: Disabled
 Parallel Workers: 8
 Concurrent Workers: 2
 Concurrent Refinement Workers: 8
 Periodic GC: Disabled

Heap:
 garbage-first heap   total 151552K, used 58103K [0x00000000e0000000, 0x0000000100000000)
  region size 1024K, 6 young (6144K), 1 survivors (1024K)
 Metaspace       used 33732K, committed 33984K, reserved 1114112K
  class space    used 3433K, committed 3584K, reserved 1048576K

Heap Regions: E=young(eden), S=young(survivor), O=old, HS=humongous(starts), HC=humongous(continues), CS=collection set, F=free, OA=open archive, CA=closed archive, TAMS=top-at-mark-start (previous, next)
|   0|0x00000000e0000000, 0x00000000e00fffd8, 0x00000000e0100000| 99%| O|  |TAMS 0x00000000e00fffd8, 0x00000000e00fffd8| Untracked 
|   1|0x00000000e0100000, 0x00000000e0200000, 0x00000000e0200000|100%|HS|  |TAMS 0x00000000e0200000, 0x00000000e0200000| Untracked 
|   2|0x00000000e0200000, 0x00000000e02ffff8, 0x00000000e0300000| 99%| O|  |TAMS 0x00000000e02ffff8, 0x00000000e02ffff8| Untracked 
|   3|0x00000000e0300000, 0x00000000e03fff40, 0x00000000e0400000| 99%| O|  |TAMS 0x00000000e03fff40, 0x00000000e03fff40| Untracked 
|   4|0x00000000e0400000, 0x00000000e04ff7f8, 0x00000000e0500000| 99%| O|  |TAMS 0x00000000e04ff7f8, 0x00000000e04ff7f8| Untracked 
|   5|0x00000000e0500000, 0x00000000e0600000, 0x00000000e0600000|100%| O|  |TAMS 0x00000000e0600000, 0x00000000e0600000| Untracked 
|   6|0x00000000e0600000, 0x00000000e06ffff8, 0x00000000e0700000| 99%| O|  |TAMS 0x00000000e06ffff8, 0x00000000e06ffff8| Untracked 
|   7|0x00000000e0700000, 0x00000000e07ffff8, 0x00000000e0800000| 99%| O|  |TAMS 0x00000000e07ffff8, 0x00000000e07ffff8| Untracked 
|   8|0x00000000e0800000, 0x00000000e08ffff0, 0x00000000e0900000| 99%| O|  |TAMS 0x00000000e08ffff0, 0x00000000e08ffff0| Untracked 
|   9|0x00000000e0900000, 0x00000000e09fffb0, 0x00000000e0a00000| 99%| O|  |TAMS 0x00000000e09fffb0, 0x00000000e09fffb0| Untracked 
|  10|0x00000000e0a00000, 0x00000000e0a6e900, 0x00000000e0b00000| 43%| O|  |TAMS 0x00000000e0a00000, 0x00000000e0a6e900| Untracked 
|  11|0x00000000e0b00000, 0x00000000e0b3fb50, 0x00000000e0c00000| 24%| O|  |TAMS 0x00000000e0b00000, 0x00000000e0b3fb50| Untracked 
|  12|0x00000000e0c00000, 0x00000000e0c03ac8, 0x00000000e0d00000|  1%| O|  |TAMS 0x00000000e0c00000, 0x00000000e0c03ac8| Untracked 
|  13|0x00000000e0d00000, 0x00000000e0e00000, 0x00000000e0e00000|100%|HS|  |TAMS 0x00000000e0d00000, 0x00000000e0d00000| Complete 
|  14|0x00000000e0e00000, 0x00000000e0f00000, 0x00000000e0f00000|100%|HC|  |TAMS 0x00000000e0e00000, 0x00000000e0e00000| Complete 
|  15|0x00000000e0f00000, 0x00000000e1000000, 0x00000000e1000000|100%|HS|  |TAMS 0x00000000e0f00000, 0x00000000e0f00000| Complete 
|  16|0x00000000e1000000, 0x00000000e1100000, 0x00000000e1100000|100%|HC|  |TAMS 0x00000000e1000000, 0x00000000e1000000| Complete 
|  17|0x00000000e1100000, 0x00000000e1200000, 0x00000000e1200000|100%|HS|  |TAMS 0x00000000e1100000, 0x00000000e1100000| Complete 
|  18|0x00000000e1200000, 0x00000000e1300000, 0x00000000e1300000|100%|HC|  |TAMS 0x00000000e1200000, 0x00000000e1200000| Complete 
|  19|0x00000000e1300000, 0x00000000e1400000, 0x00000000e1400000|100%|HS|  |TAMS 0x00000000e1300000, 0x00000000e1300000| Complete 
|  20|0x00000000e1400000, 0x00000000e1500000, 0x00000000e1500000|100%|HC|  |TAMS 0x00000000e1400000, 0x00000000e1400000| Complete 
|  21|0x00000000e1500000, 0x00000000e1600000, 0x00000000e1600000|100%|HS|  |TAMS 0x00000000e1500000, 0x00000000e1500000| Complete 
|  22|0x00000000e1600000, 0x00000000e1700000, 0x00000000e1700000|100%|HC|  |TAMS 0x00000000e1600000, 0x00000000e1600000| Complete 
|  23|0x00000000e1700000, 0x00000000e1800000, 0x00000000e1800000|100%|HS|  |TAMS 0x00000000e1700000, 0x00000000e1700000| Complete 
|  24|0x00000000e1800000, 0x00000000e1900000, 0x00000000e1900000|100%|HC|  |TAMS 0x00000000e1800000, 0x00000000e1800000| Complete 
|  25|0x00000000e1900000, 0x00000000e1a00000, 0x00000000e1a00000|100%|HS|  |TAMS 0x00000000e1900000, 0x00000000e1900000| Complete 
|  26|0x00000000e1a00000, 0x00000000e1b00000, 0x00000000e1b00000|100%|HC|  |TAMS 0x00000000e1a00000, 0x00000000e1a00000| Complete 
|  27|0x00000000e1b00000, 0x00000000e1c00000, 0x00000000e1c00000|100%|HS|  |TAMS 0x00000000e1b00000, 0x00000000e1b00000| Complete 
|  28|0x00000000e1c00000, 0x00000000e1d00000, 0x00000000e1d00000|100%|HC|  |TAMS 0x00000000e1c00000, 0x00000000e1c00000| Complete 
|  29|0x00000000e1d00000, 0x00000000e1e00000, 0x00000000e1e00000|100%|HS|  |TAMS 0x00000000e1d00000, 0x00000000e1d00000| Complete 
|  30|0x00000000e1e00000, 0x00000000e1f00000, 0x00000000e1f00000|100%|HC|  |TAMS 0x00000000e1e00000, 0x00000000e1e00000| Complete 
|  31|0x00000000e1f00000, 0x00000000e2000000, 0x00000000e2000000|100%|HS|  |TAMS 0x00000000e1f00000, 0x00000000e1f00000| Complete 
|  32|0x00000000e2000000, 0x00000000e2100000, 0x00000000e2100000|100%|HC|  |TAMS 0x00000000e2000000, 0x00000000e2000000| Complete 
|  33|0x00000000e2100000, 0x00000000e2200000, 0x00000000e2200000|100%|HS|  |TAMS 0x00000000e2100000, 0x00000000e2100000| Complete 
|  34|0x00000000e2200000, 0x00000000e2300000, 0x00000000e2300000|100%|HC|  |TAMS 0x00000000e2200000, 0x00000000e2200000| Complete 
|  35|0x00000000e2300000, 0x00000000e2400000, 0x00000000e2400000|100%|HS|  |TAMS 0x00000000e2300000, 0x00000000e2300000| Complete 
|  36|0x00000000e2400000, 0x00000000e2500000, 0x00000000e2500000|100%|HC|  |TAMS 0x00000000e2400000, 0x00000000e2400000| Complete 
|  37|0x00000000e2500000, 0x00000000e2600000, 0x00000000e2600000|100%|HS|  |TAMS 0x00000000e2500000, 0x00000000e2500000| Complete 
|  38|0x00000000e2600000, 0x00000000e2700000, 0x00000000e2700000|100%|HC|  |TAMS 0x00000000e2600000, 0x00000000e2600000| Complete 
|  39|0x00000000e2700000, 0x00000000e2800000, 0x00000000e2800000|100%|HS|  |TAMS 0x00000000e2700000, 0x00000000e2700000| Complete 
|  40|0x00000000e2800000, 0x00000000e2900000, 0x00000000e2900000|100%|HC|  |TAMS 0x00000000e2800000, 0x00000000e2800000| Complete 
|  41|0x00000000e2900000, 0x00000000e2900000, 0x00000000e2a00000|  0%| F|  |TAMS 0x00000000e2900000, 0x00000000e2900000| Untracked 
|  42|0x00000000e2a00000, 0x00000000e2a0c8a0, 0x00000000e2b00000|  4%| S|CS|TAMS 0x00000000e2a00000, 0x00000000e2a00000| Complete 
|  43|0x00000000e2b00000, 0x00000000e2c00000, 0x00000000e2c00000|100%|HS|  |TAMS 0x00000000e2b00000, 0x00000000e2b00000| Complete 
|  44|0x00000000e2c00000, 0x00000000e2d00000, 0x00000000e2d00000|100%|HC|  |TAMS 0x00000000e2c00000, 0x00000000e2c00000| Complete 
|  45|0x00000000e2d00000, 0x00000000e2e00000, 0x00000000e2e00000|100%|HS|  |TAMS 0x00000000e2d00000, 0x00000000e2d00000| Complete 
|  46|0x00000000e2e00000, 0x00000000e2f00000, 0x00000000e2f00000|100%|HC|  |TAMS 0x00000000e2e00000, 0x00000000e2e00000| Complete 
|  47|0x00000000e2f00000, 0x00000000e3000000, 0x00000000e3000000|100%|HS|  |TAMS 0x00000000e2f00000, 0x00000000e2f00000| Complete 
|  48|0x00000000e3000000, 0x00000000e3100000, 0x00000000e3100000|100%|HC|  |TAMS 0x00000000e3000000, 0x00000000e3000000| Complete 
|  49|0x00000000e3100000, 0x00000000e3200000, 0x00000000e3200000|100%|HS|  |TAMS 0x00000000e3100000, 0x00000000e3100000| Complete 
|  50|0x00000000e3200000, 0x00000000e3300000, 0x00000000e3300000|100%|HC|  |TAMS 0x00000000e3200000, 0x00000000e3200000| Complete 
|  51|0x00000000e3300000, 0x00000000e3400000, 0x00000000e3400000|100%|HS|  |TAMS 0x00000000e3300000, 0x00000000e3300000| Complete 
|  52|0x00000000e3400000, 0x00000000e3500000, 0x00000000e3500000|100%|HC|  |TAMS 0x00000000e3400000, 0x00000000e3400000| Complete 
|  53|0x00000000e3500000, 0x00000000e3600000, 0x00000000e3600000|100%|HS|  |TAMS 0x00000000e3500000, 0x00000000e3500000| Complete 
|  54|0x00000000e3600000, 0x00000000e3700000, 0x00000000e3700000|100%|HC|  |TAMS 0x00000000e3600000, 0x00000000e3600000| Complete 
|  55|0x00000000e3700000, 0x00000000e3800000, 0x00000000e3800000|100%|HS|  |TAMS 0x00000000e3700000, 0x00000000e3700000| Complete 
|  56|0x00000000e3800000, 0x00000000e3900000, 0x00000000e3900000|100%|HC|  |TAMS 0x00000000e3800000, 0x00000000e3800000| Complete 
|  57|0x00000000e3900000, 0x00000000e3900000, 0x00000000e3a00000|  0%| F|  |TAMS 0x00000000e3900000, 0x00000000e3900000| Untracked 
|  58|0x00000000e3a00000, 0x00000000e3a00000, 0x00000000e3b00000|  0%| F|  |TAMS 0x00000000e3a00000, 0x00000000e3a00000| Untracked 
|  59|0x00000000e3b00000, 0x00000000e3b00000, 0x00000000e3c00000|  0%| F|  |TAMS 0x00000000e3b00000, 0x00000000e3b00000| Untracked 
|  60|0x00000000e3c00000, 0x00000000e3c00000, 0x00000000e3d00000|  0%| F|  |TAMS 0x00000000e3c00000, 0x00000000e3c00000| Untracked 
|  61|0x00000000e3d00000, 0x00000000e3d00000, 0x00000000e3e00000|  0%| F|  |TAMS 0x00000000e3d00000, 0x00000000e3d00000| Untracked 
|  62|0x00000000e3e00000, 0x00000000e3e00000, 0x00000000e3f00000|  0%| F|  |TAMS 0x00000000e3e00000, 0x00000000e3e00000| Untracked 
|  63|0x00000000e3f00000, 0x00000000e3f00000, 0x00000000e4000000|  0%| F|  |TAMS 0x00000000e3f00000, 0x00000000e3f00000| Untracked 
|  64|0x00000000e4000000, 0x00000000e4000000, 0x00000000e4100000|  0%| F|  |TAMS 0x00000000e4000000, 0x00000000e4000000| Untracked 
|  65|0x00000000e4100000, 0x00000000e4100000, 0x00000000e4200000|  0%| F|  |TAMS 0x00000000e4100000, 0x00000000e4100000| Untracked 
|  66|0x00000000e4200000, 0x00000000e4200000, 0x00000000e4300000|  0%| F|  |TAMS 0x00000000e4200000, 0x00000000e4200000| Untracked 
|  67|0x00000000e4300000, 0x00000000e4300000, 0x00000000e4400000|  0%| F|  |TAMS 0x00000000e4300000, 0x00000000e4300000| Untracked 
|  68|0x00000000e4400000, 0x00000000e4400000, 0x00000000e4500000|  0%| F|  |TAMS 0x00000000e4400000, 0x00000000e4400000| Untracked 
|  69|0x00000000e4500000, 0x00000000e4500000, 0x00000000e4600000|  0%| F|  |TAMS 0x00000000e4500000, 0x00000000e4500000| Untracked 
|  70|0x00000000e4600000, 0x00000000e4600000, 0x00000000e4700000|  0%| F|  |TAMS 0x00000000e4600000, 0x00000000e4600000| Untracked 
|  71|0x00000000e4700000, 0x00000000e4700000, 0x00000000e4800000|  0%| F|  |TAMS 0x00000000e4700000, 0x00000000e4700000| Untracked 
|  72|0x00000000e4800000, 0x00000000e4800000, 0x00000000e4900000|  0%| F|  |TAMS 0x00000000e4800000, 0x00000000e4800000| Untracked 
|  73|0x00000000e4900000, 0x00000000e4900000, 0x00000000e4a00000|  0%| F|  |TAMS 0x00000000e4900000, 0x00000000e4900000| Untracked 
|  74|0x00000000e4a00000, 0x00000000e4a00000, 0x00000000e4b00000|  0%| F|  |TAMS 0x00000000e4a00000, 0x00000000e4a00000| Untracked 
|  75|0x00000000e4b00000, 0x00000000e4b00000, 0x00000000e4c00000|  0%| F|  |TAMS 0x00000000e4b00000, 0x00000000e4b00000| Untracked 
|  76|0x00000000e4c00000, 0x00000000e4c00000, 0x00000000e4d00000|  0%| F|  |TAMS 0x00000000e4c00000, 0x00000000e4c00000| Untracked 
|  77|0x00000000e4d00000, 0x00000000e4d00000, 0x00000000e4e00000|  0%| F|  |TAMS 0x00000000e4d00000, 0x00000000e4d00000| Untracked 
|  78|0x00000000e4e00000, 0x00000000e4e00000, 0x00000000e4f00000|  0%| F|  |TAMS 0x00000000e4e00000, 0x00000000e4e00000| Untracked 
|  79|0x00000000e4f00000, 0x00000000e4f00000, 0x00000000e5000000|  0%| F|  |TAMS 0x00000000e4f00000, 0x00000000e4f00000| Untracked 
|  80|0x00000000e5000000, 0x00000000e5000000, 0x00000000e5100000|  0%| F|  |TAMS 0x00000000e5000000, 0x00000000e5000000| Untracked 
|  81|0x00000000e5100000, 0x00000000e5100000, 0x00000000e5200000|  0%| F|  |TAMS 0x00000000e5100000, 0x00000000e5100000| Untracked 
|  82|0x00000000e5200000, 0x00000000e5200000, 0x00000000e5300000|  0%| F|  |TAMS 0x00000000e5200000, 0x00000000e5200000| Untracked 
|  83|0x00000000e5300000, 0x00000000e5300000, 0x00000000e5400000|  0%| F|  |TAMS 0x00000000e5300000, 0x00000000e5300000| Untracked 
|  84|0x00000000e5400000, 0x00000000e5400000, 0x00000000e5500000|  0%| F|  |TAMS 0x00000000e5400000, 0x00000000e5400000| Untracked 
|  85|0x00000000e5500000, 0x00000000e5500000, 0x00000000e5600000|  0%| F|  |TAMS 0x00000000e5500000, 0x00000000e5500000| Untracked 
|  86|0x00000000e5600000, 0x00000000e5600000, 0x00000000e5700000|  0%| F|  |TAMS 0x00000000e5600000, 0x00000000e5600000| Untracked 
|  87|0x00000000e5700000, 0x00000000e5700000, 0x00000000e5800000|  0%| F|  |TAMS 0x00000000e5700000, 0x00000000e5700000| Untracked 
|  88|0x00000000e5800000, 0x00000000e5800000, 0x00000000e5900000|  0%| F|  |TAMS 0x00000000e5800000, 0x00000000e5800000| Untracked 
|  89|0x00000000e5900000, 0x00000000e5900000, 0x00000000e5a00000|  0%| F|  |TAMS 0x00000000e5900000, 0x00000000e5900000| Untracked 
|  90|0x00000000e5a00000, 0x00000000e5a00000, 0x00000000e5b00000|  0%| F|  |TAMS 0x00000000e5a00000, 0x00000000e5a00000| Untracked 
|  91|0x00000000e5b00000, 0x00000000e5b00000, 0x00000000e5c00000|  0%| F|  |TAMS 0x00000000e5b00000, 0x00000000e5b00000| Untracked 
|  92|0x00000000e5c00000, 0x00000000e5c00000, 0x00000000e5d00000|  0%| F|  |TAMS 0x00000000e5c00000, 0x00000000e5c00000| Untracked 
|  93|0x00000000e5d00000, 0x00000000e5d00000, 0x00000000e5e00000|  0%| F|  |TAMS 0x00000000e5d00000, 0x00000000e5d00000| Untracked 
|  94|0x00000000e5e00000, 0x00000000e5e00000, 0x00000000e5f00000|  0%| F|  |TAMS 0x00000000e5e00000, 0x00000000e5e00000| Untracked 
|  95|0x00000000e5f00000, 0x00000000e5f00000, 0x00000000e6000000|  0%| F|  |TAMS 0x00000000e5f00000, 0x00000000e5f00000| Untracked 
|  96|0x00000000e6000000, 0x00000000e6000000, 0x00000000e6100000|  0%| F|  |TAMS 0x00000000e6000000, 0x00000000e6000000| Untracked 
|  97|0x00000000e6100000, 0x00000000e6100000, 0x00000000e6200000|  0%| F|  |TAMS 0x00000000e6100000, 0x00000000e6100000| Untracked 
|  98|0x00000000e6200000, 0x00000000e6200000, 0x00000000e6300000|  0%| F|  |TAMS 0x00000000e6200000, 0x00000000e6200000| Untracked 
|  99|0x00000000e6300000, 0x00000000e6300000, 0x00000000e6400000|  0%| F|  |TAMS 0x00000000e6300000, 0x00000000e6300000| Untracked 
| 100|0x00000000e6400000, 0x00000000e6400000, 0x00000000e6500000|  0%| F|  |TAMS 0x00000000e6400000, 0x00000000e6400000| Untracked 
| 101|0x00000000e6500000, 0x00000000e6500000, 0x00000000e6600000|  0%| F|  |TAMS 0x00000000e6500000, 0x00000000e6500000| Untracked 
| 102|0x00000000e6600000, 0x00000000e6600000, 0x00000000e6700000|  0%| F|  |TAMS 0x00000000e6600000, 0x00000000e6600000| Untracked 
| 103|0x00000000e6700000, 0x00000000e6700000, 0x00000000e6800000|  0%| F|  |TAMS 0x00000000e6700000, 0x00000000e6700000| Untracked 
| 104|0x00000000e6800000, 0x00000000e6800000, 0x00000000e6900000|  0%| F|  |TAMS 0x00000000e6800000, 0x00000000e6800000| Untracked 
| 105|0x00000000e6900000, 0x00000000e6900000, 0x00000000e6a00000|  0%| F|  |TAMS 0x00000000e6900000, 0x00000000e6900000| Untracked 
| 106|0x00000000e6a00000, 0x00000000e6a00000, 0x00000000e6b00000|  0%| F|  |TAMS 0x00000000e6a00000, 0x00000000e6a00000| Untracked 
| 107|0x00000000e6b00000, 0x00000000e6b00000, 0x00000000e6c00000|  0%| F|  |TAMS 0x00000000e6b00000, 0x00000000e6b00000| Untracked 
| 108|0x00000000e6c00000, 0x00000000e6c00000, 0x00000000e6d00000|  0%| F|  |TAMS 0x00000000e6c00000, 0x00000000e6c00000| Untracked 
| 109|0x00000000e6d00000, 0x00000000e6d00000, 0x00000000e6e00000|  0%| F|  |TAMS 0x00000000e6d00000, 0x00000000e6d00000| Untracked 
| 110|0x00000000e6e00000, 0x00000000e6e00000, 0x00000000e6f00000|  0%| F|  |TAMS 0x00000000e6e00000, 0x00000000e6e00000| Untracked 
| 111|0x00000000e6f00000, 0x00000000e6f00000, 0x00000000e7000000|  0%| F|  |TAMS 0x00000000e6f00000, 0x00000000e6f00000| Untracked 
| 112|0x00000000e7000000, 0x00000000e7000000, 0x00000000e7100000|  0%| F|  |TAMS 0x00000000e7000000, 0x00000000e7000000| Untracked 
| 113|0x00000000e7100000, 0x00000000e7100000, 0x00000000e7200000|  0%| F|  |TAMS 0x00000000e7100000, 0x00000000e7100000| Untracked 
| 114|0x00000000e7200000, 0x00000000e7200000, 0x00000000e7300000|  0%| F|  |TAMS 0x00000000e7200000, 0x00000000e7200000| Untracked 
| 115|0x00000000e7300000, 0x00000000e7300000, 0x00000000e7400000|  0%| F|  |TAMS 0x00000000e7300000, 0x00000000e7300000| Untracked 
| 116|0x00000000e7400000, 0x00000000e7400000, 0x00000000e7500000|  0%| F|  |TAMS 0x00000000e7400000, 0x00000000e7400000| Untracked 
| 117|0x00000000e7500000, 0x00000000e7500000, 0x00000000e7600000|  0%| F|  |TAMS 0x00000000e7500000, 0x00000000e7500000| Untracked 
| 118|0x00000000e7600000, 0x00000000e7600000, 0x00000000e7700000|  0%| F|  |TAMS 0x00000000e7600000, 0x00000000e7600000| Untracked 
| 119|0x00000000e7700000, 0x00000000e7700000, 0x00000000e7800000|  0%| F|  |TAMS 0x00000000e7700000, 0x00000000e7700000| Untracked 
| 120|0x00000000e7800000, 0x00000000e7800000, 0x00000000e7900000|  0%| F|  |TAMS 0x00000000e7800000, 0x00000000e7800000| Untracked 
| 121|0x00000000e7900000, 0x00000000e7900000, 0x00000000e7a00000|  0%| F|  |TAMS 0x00000000e7900000, 0x00000000e7900000| Untracked 
| 122|0x00000000e7a00000, 0x00000000e7a00000, 0x00000000e7b00000|  0%| F|  |TAMS 0x00000000e7a00000, 0x00000000e7a00000| Untracked 
| 123|0x00000000e7b00000, 0x00000000e7b00000, 0x00000000e7c00000|  0%| F|  |TAMS 0x00000000e7b00000, 0x00000000e7b00000| Untracked 
| 124|0x00000000e7c00000, 0x00000000e7c00000, 0x00000000e7d00000|  0%| F|  |TAMS 0x00000000e7c00000, 0x00000000e7c00000| Untracked 
| 125|0x00000000e7d00000, 0x00000000e7d00000, 0x00000000e7e00000|  0%| F|  |TAMS 0x00000000e7d00000, 0x00000000e7d00000| Untracked 
| 126|0x00000000e7e00000, 0x00000000e7e00000, 0x00000000e7f00000|  0%| F|  |TAMS 0x00000000e7e00000, 0x00000000e7e00000| Untracked 
| 127|0x00000000e7f00000, 0x00000000e7f00000, 0x00000000e8000000|  0%| F|  |TAMS 0x00000000e7f00000, 0x00000000e7f00000| Untracked 
| 128|0x00000000e8000000, 0x00000000e8000000, 0x00000000e8100000|  0%| F|  |TAMS 0x00000000e8000000, 0x00000000e8000000| Untracked 
| 129|0x00000000e8100000, 0x00000000e8100000, 0x00000000e8200000|  0%| F|  |TAMS 0x00000000e8100000, 0x00000000e8100000| Untracked 
| 130|0x00000000e8200000, 0x00000000e8200000, 0x00000000e8300000|  0%| F|  |TAMS 0x00000000e8200000, 0x00000000e8200000| Untracked 
| 131|0x00000000e8300000, 0x00000000e8300000, 0x00000000e8400000|  0%| F|  |TAMS 0x00000000e8300000, 0x00000000e8300000| Untracked 
| 132|0x00000000e8400000, 0x00000000e8400000, 0x00000000e8500000|  0%| F|  |TAMS 0x00000000e8400000, 0x00000000e8400000| Untracked 
| 133|0x00000000e8500000, 0x00000000e8500000, 0x00000000e8600000|  0%| F|  |TAMS 0x00000000e8500000, 0x00000000e8500000| Untracked 
| 134|0x00000000e8600000, 0x00000000e8600000, 0x00000000e8700000|  0%| F|  |TAMS 0x00000000e8600000, 0x00000000e8600000| Untracked 
| 135|0x00000000e8700000, 0x00000000e8700000, 0x00000000e8800000|  0%| F|  |TAMS 0x00000000e8700000, 0x00000000e8700000| Untracked 
| 136|0x00000000e8800000, 0x00000000e8800000, 0x00000000e8900000|  0%| F|  |TAMS 0x00000000e8800000, 0x00000000e8800000| Untracked 
| 137|0x00000000e8900000, 0x00000000e8900000, 0x00000000e8a00000|  0%| F|  |TAMS 0x00000000e8900000, 0x00000000e8900000| Untracked 
| 138|0x00000000e8a00000, 0x00000000e8a00000, 0x00000000e8b00000|  0%| F|  |TAMS 0x00000000e8a00000, 0x00000000e8a00000| Untracked 
| 139|0x00000000e8b00000, 0x00000000e8b00000, 0x00000000e8c00000|  0%| F|  |TAMS 0x00000000e8b00000, 0x00000000e8b00000| Untracked 
| 140|0x00000000e8c00000, 0x00000000e8c00000, 0x00000000e8d00000|  0%| F|  |TAMS 0x00000000e8c00000, 0x00000000e8c00000| Untracked 
| 141|0x00000000e8d00000, 0x00000000e8d00000, 0x00000000e8e00000|  0%| F|  |TAMS 0x00000000e8d00000, 0x00000000e8d00000| Untracked 
| 142|0x00000000e8e00000, 0x00000000e8e00000, 0x00000000e8f00000|  0%| F|  |TAMS 0x00000000e8e00000, 0x00000000e8e00000| Untracked 
| 143|0x00000000e8f00000, 0x00000000e8fed438, 0x00000000e9000000| 92%| E|  |TAMS 0x00000000e8f00000, 0x00000000e8f00000| Complete 
| 144|0x00000000e9000000, 0x00000000e9100000, 0x00000000e9100000|100%| E|CS|TAMS 0x00000000e9000000, 0x00000000e9000000| Complete 
| 145|0x00000000e9100000, 0x00000000e9200000, 0x00000000e9200000|100%| E|CS|TAMS 0x00000000e9100000, 0x00000000e9100000| Complete 
| 146|0x00000000e9200000, 0x00000000e9300000, 0x00000000e9300000|100%| E|CS|TAMS 0x00000000e9200000, 0x00000000e9200000| Complete 
| 147|0x00000000e9300000, 0x00000000e9400000, 0x00000000e9400000|100%| E|CS|TAMS 0x00000000e9300000, 0x00000000e9300000| Complete 

Card table byte_map: [0x0000022e54eb0000,0x0000022e54fb0000] _byte_map_base: 0x0000022e547b0000

Marking Bits (Prev, Next): (CMBitMap*) 0x0000022e4231c800, (CMBitMap*) 0x0000022e4231c7c0
 Prev Bits: [0x0000022e558b0000, 0x0000022e560b0000)
 Next Bits: [0x0000022e550b0000, 0x0000022e558b0000)

Polling page: 0x0000022e41ab0000

Metaspace:

Usage:
  Non-class:     29.59 MB used.
      Class:      3.35 MB used.
       Both:     32.94 MB used.

Virtual space:
  Non-class space:       64.00 MB reserved,      29.69 MB ( 46%) committed,  1 nodes.
      Class space:        1.00 GB reserved,       3.50 MB ( <1%) committed,  1 nodes.
             Both:        1.06 GB reserved,      33.19 MB (  3%) committed. 

Chunk freelists:
   Non-Class:  2.27 MB
       Class:  12.49 MB
        Both:  14.76 MB

MaxMetaspaceSize: unlimited
CompressedClassSpaceSize: 1.00 GB
Initial GC threshold: 21.00 MB
Current GC threshold: 55.25 MB
CDS: off
MetaspaceReclaimPolicy: balanced
 - commit_granule_bytes: 65536.
 - commit_granule_words: 8192.
 - virtual_space_node_default_size: 8388608.
 - enlarge_chunks_in_place: 1.
 - new_chunks_are_fully_committed: 0.
 - uncommit_free_chunks: 1.
 - use_allocation_guard: 0.
 - handle_deallocations: 1.


Internal statistics:

num_allocs_failed_limit: 0.
num_arena_births: 376.
num_arena_deaths: 110.
num_vsnodes_births: 2.
num_vsnodes_deaths: 0.
num_space_committed: 531.
num_space_uncommitted: 0.
num_chunks_returned_to_freelist: 145.
num_chunks_taken_from_freelist: 1084.
num_chunk_merges: 43.
num_chunk_splits: 680.
num_chunks_enlarged: 468.
num_inconsistent_stats: 0.

CodeHeap 'non-profiled nmethods': size=120000Kb used=3756Kb max_used=3756Kb free=116243Kb
 bounds [0x0000022e4d550000, 0x0000022e4d900000, 0x0000022e54a80000]
CodeHeap 'profiled nmethods': size=120000Kb used=9782Kb max_used=10732Kb free=110217Kb
 bounds [0x0000022e45a80000, 0x0000022e46500000, 0x0000022e4cfb0000]
CodeHeap 'non-nmethods': size=5760Kb used=1314Kb max_used=1365Kb free=4446Kb
 bounds [0x0000022e4cfb0000, 0x0000022e4d220000, 0x0000022e4d550000]
 total_blobs=5785 nmethods=5161 adapters=535
 compilation: enabled
              stopped_count=0, restarted_count=0
 full_count=0

Compilation events (20 events):
Event: 19565.689 Thread 0x0000022e5d074070 6062       3       sun.security.util.ECParameters::engineGetParameterSpec (105 bytes)
Event: 19565.690 Thread 0x0000022e5d074070 nmethod 6062 0x0000022e46260c90 code [0x0000022e46260fa0, 0x0000022e46261ee8]
Event: 19565.690 Thread 0x0000022e5d074070 6063       3       java.security.KeyFactory::<init> (73 bytes)
Event: 19565.691 Thread 0x0000022e5d074070 nmethod 6063 0x0000022e45f0b610 code [0x0000022e45f0b8e0, 0x0000022e45f0c658]
Event: 19594.157 Thread 0x0000022e5d0735c0 6064       4       sun.nio.fs.WindowsPathParser::normalize (138 bytes)
Event: 19594.164 Thread 0x0000022e5d074070 6066       3       java.util.Set::of (9 bytes)
Event: 19594.164 Thread 0x0000022e5d074070 nmethod 6066 0x0000022e45f5ac10 code [0x0000022e45f5ae00, 0x0000022e45f5b348]
Event: 19594.166 Thread 0x0000022e5d074070 6067       3       sun.security.x509.CertificateVersion::get (27 bytes)
Event: 19594.168 Thread 0x0000022e5d074070 nmethod 6067 0x0000022e45f0ad10 code [0x0000022e45f0af00, 0x0000022e45f0b3f8]
Event: 19594.185 Thread 0x0000022e5d0735c0 nmethod 6064 0x0000022e4d8f3e90 code [0x0000022e4d8f4080, 0x0000022e4d8f4e28]
Event: 19594.186 Thread 0x0000022e5d0735c0 6065       4       org.bouncycastle.asn1.ASN1ObjectIdentifier::parseIdentifier (136 bytes)
Event: 19594.254 Thread 0x0000022e5d074070 6068       3       java.net.URI$Parser::parseHierarchical (178 bytes)
Event: 19594.256 Thread 0x0000022e5d074070 nmethod 6068 0x0000022e45f1ec10 code [0x0000022e45f1efe0, 0x0000022e45f206a8]
Event: 19594.258 Thread 0x0000022e5d0735c0 nmethod 6065 0x0000022e4d8f5690 code [0x0000022e4d8f5960, 0x0000022e4d8f7a30]
Event: 19594.449 Thread 0x0000022e5d0735c0 6069   !   4       com.ohos.hapsigntool.utils.FileUtils::writeByteToOutFile (71 bytes)
Event: 19594.450 Thread 0x0000022e5d0735c0 nmethod 6069 0x0000022e4d8f9690 code [0x0000022e4d8f9820, 0x0000022e4d8f9948]
Event: 19594.572 Thread 0x0000022e5d074070 6070       3       sun.security.util.Cache$EqualByteArray::equals (33 bytes)
Event: 19594.572 Thread 0x0000022e5d074070 nmethod 6070 0x0000022e45f1e410 code [0x0000022e45f1e5e0, 0x0000022e45f1e9c8]
Event: 19594.584 Thread 0x0000022e5d0735c0 6071       4       sun.security.util.DerValue::subs (75 bytes)
Event: 19594.610 Thread 0x0000022e5d0735c0 nmethod 6071 0x0000022e4d8f9b10 code [0x0000022e4d8f9ce0, 0x0000022e4d8faae8]

GC Heap History (20 events):
Event: 19565.447 GC heap after
{Heap after GC invocations=678 (full 106):
 garbage-first heap   total 40960K, used 10992K [0x00000000e0000000, 0x0000000100000000)
  region size 1024K, 1 young (1024K), 1 survivors (1024K)
 Metaspace       used 33727K, committed 33984K, reserved 1114112K
  class space    used 3433K, committed 3584K, reserved 1048576K
}
Event: 19565.447 GC heap before
{Heap before GC invocations=678 (full 106):
 garbage-first heap   total 40960K, used 17136K [0x00000000e0000000, 0x0000000100000000)
  region size 1024K, 2 young (2048K), 1 survivors (1024K)
 Metaspace       used 33727K, committed 33984K, reserved 1114112K
  class space    used 3433K, committed 3584K, reserved 1048576K
}
Event: 19565.449 GC heap after
{Heap after GC invocations=679 (full 106):
 garbage-first heap   total 149504K, used 10995K [0x00000000e0000000, 0x0000000100000000)
  region size 1024K, 1 young (1024K), 1 survivors (1024K)
 Metaspace       used 33727K, committed 33984K, reserved 1114112K
  class space    used 3433K, committed 3584K, reserved 1048576K
}
Event: 19565.760 GC heap before
{Heap before GC invocations=679 (full 106):
 garbage-first heap   total 149504K, used 58099K [0x00000000e0000000, 0x0000000100000000)
  region size 1024K, 6 young (6144K), 1 survivors (1024K)
 Metaspace       used 33729K, committed 33984K, reserved 1114112K
  class space    used 3433K, committed 3584K, reserved 1048576K
}
Event: 19565.787 GC heap after
{Heap after GC invocations=680 (full 107):
 garbage-first heap   total 48128K, used 10950K [0x00000000e0000000, 0x0000000100000000)
  region size 1024K, 0 young (0K), 0 survivors (0K)
 Metaspace       used 33729K, committed 33984K, reserved 1114112K
  class space    used 3433K, committed 3584K, reserved 1048576K
}
Event: 19594.065 GC heap before
{Heap before GC invocations=680 (full 107):
 garbage-first heap   total 48128K, used 11974K [0x00000000e0000000, 0x0000000100000000)
  region size 1024K, 2 young (2048K), 0 survivors (0K)
 Metaspace       used 33729K, committed 33984K, reserved 1114112K
  class space    used 3433K, committed 3584K, reserved 1048576K
}
Event: 19594.092 GC heap after
{Heap after GC invocations=681 (full 108):
 garbage-first heap   total 45056K, used 10949K [0x00000000e0000000, 0x0000000100000000)
  region size 1024K, 0 young (0K), 0 survivors (0K)
 Metaspace       used 33729K, committed 33984K, reserved 1114112K
  class space    used 3433K, committed 3584K, reserved 1048576K
}
Event: 19594.430 GC heap before
{Heap before GC invocations=681 (full 108):
 garbage-first heap   total 45056K, used 18117K [0x00000000e0000000, 0x0000000100000000)
  region size 1024K, 2 young (2048K), 0 survivors (0K)
 Metaspace       used 33731K, committed 33984K, reserved 1114112K
  class space    used 3433K, committed 3584K, reserved 1048576K
}
Event: 19594.431 GC heap after
{Heap after GC invocations=682 (full 108):
 garbage-first heap   total 45056K, used 10996K [0x00000000e0000000, 0x0000000100000000)
  region size 1024K, 1 young (1024K), 1 survivors (1024K)
 Metaspace       used 33731K, committed 33984K, reserved 1114112K
  class space    used 3433K, committed 3584K, reserved 1048576K
}
Event: 19594.432 GC heap before
{Heap before GC invocations=682 (full 108):
 garbage-first heap   total 45056K, used 17140K [0x00000000e0000000, 0x0000000100000000)
  region size 1024K, 2 young (2048K), 1 survivors (1024K)
 Metaspace       used 33731K, committed 33984K, reserved 1114112K
  class space    used 3433K, committed 3584K, reserved 1048576K
}
Event: 19594.432 GC heap after
{Heap after GC invocations=683 (full 108):
 garbage-first heap   total 45056K, used 10995K [0x00000000e0000000, 0x0000000100000000)
  region size 1024K, 1 young (1024K), 1 survivors (1024K)
 Metaspace       used 33731K, committed 33984K, reserved 1114112K
  class space    used 3433K, committed 3584K, reserved 1048576K
}
Event: 19594.433 GC heap before
{Heap before GC invocations=683 (full 108):
 garbage-first heap   total 45056K, used 17139K [0x00000000e0000000, 0x0000000100000000)
  region size 1024K, 2 young (2048K), 1 survivors (1024K)
 Metaspace       used 33731K, committed 33984K, reserved 1114112K
  class space    used 3433K, committed 3584K, reserved 1048576K
}
Event: 19594.434 GC heap after
{Heap after GC invocations=684 (full 108):
 garbage-first heap   total 45056K, used 10996K [0x00000000e0000000, 0x0000000100000000)
  region size 1024K, 1 young (1024K), 1 survivors (1024K)
 Metaspace       used 33731K, committed 33984K, reserved 1114112K
  class space    used 3433K, committed 3584K, reserved 1048576K
}
Event: 19594.434 GC heap before
{Heap before GC invocations=684 (full 108):
 garbage-first heap   total 45056K, used 17140K [0x00000000e0000000, 0x0000000100000000)
  region size 1024K, 2 young (2048K), 1 survivors (1024K)
 Metaspace       used 33731K, committed 33984K, reserved 1114112K
  class space    used 3433K, committed 3584K, reserved 1048576K
}
Event: 19594.435 GC heap after
{Heap after GC invocations=685 (full 108):
 garbage-first heap   total 45056K, used 10999K [0x00000000e0000000, 0x0000000100000000)
  region size 1024K, 1 young (1024K), 1 survivors (1024K)
 Metaspace       used 33731K, committed 33984K, reserved 1114112K
  class space    used 3433K, committed 3584K, reserved 1048576K
}
Event: 19594.437 GC heap before
{Heap before GC invocations=685 (full 108):
 garbage-first heap   total 45056K, used 17143K [0x00000000e0000000, 0x0000000100000000)
  region size 1024K, 2 young (2048K), 1 survivors (1024K)
 Metaspace       used 33731K, committed 33984K, reserved 1114112K
  class space    used 3433K, committed 3584K, reserved 1048576K
}
Event: 19594.438 GC heap after
{Heap after GC invocations=686 (full 108):
 garbage-first heap   total 45056K, used 10999K [0x00000000e0000000, 0x0000000100000000)
  region size 1024K, 1 young (1024K), 1 survivors (1024K)
 Metaspace       used 33731K, committed 33984K, reserved 1114112K
  class space    used 3433K, committed 3584K, reserved 1048576K
}
Event: 19594.439 GC heap before
{Heap before GC invocations=686 (full 108):
 garbage-first heap   total 45056K, used 17143K [0x00000000e0000000, 0x0000000100000000)
  region size 1024K, 2 young (2048K), 1 survivors (1024K)
 Metaspace       used 33731K, committed 33984K, reserved 1114112K
  class space    used 3433K, committed 3584K, reserved 1048576K
}
Event: 19594.440 GC heap after
{Heap after GC invocations=687 (full 108):
 garbage-first heap   total 151552K, used 10999K [0x00000000e0000000, 0x0000000100000000)
  region size 1024K, 1 young (1024K), 1 survivors (1024K)
 Metaspace       used 33731K, committed 33984K, reserved 1114112K
  class space    used 3433K, committed 3584K, reserved 1048576K
}
Event: 19594.643 GC heap before
{Heap before GC invocations=687 (full 108):
 garbage-first heap   total 151552K, used 58103K [0x00000000e0000000, 0x0000000100000000)
  region size 1024K, 6 young (6144K), 1 survivors (1024K)
 Metaspace       used 33732K, committed 33984K, reserved 1114112K
  class space    used 3433K, committed 3584K, reserved 1048576K
}

Dll operation events (1 events):
Event: 0.005 Loaded shared library C:\Program Files\Huawei\DevEco Studio\jbr\bin\java.dll

Deoptimization events (20 events):
Event: 18244.749 Thread 0x0000022e5f990500 DEOPT PACKING pc=0x0000022e4d89c6f8 sp=0x000000cb0a0fd0d0
Event: 18244.749 Thread 0x0000022e5f990500 DEOPT UNPACKING pc=0x0000022e4d00a1a3 sp=0x000000cb0a0fd068 mode 2
Event: 18244.749 Thread 0x0000022e5f990500 Uncommon trap: trap_request=0xffffffbe fr.pc=0x0000022e4d89c6f8 relative=0x00000000000005d8
Event: 18244.749 Thread 0x0000022e5f990500 Uncommon trap: reason=profile_predicate action=maybe_recompile pc=0x0000022e4d89c6f8 method=java.net.URI$Parser.scan(IILjava/lang/String;)I @ 6 c2
Event: 18244.749 Thread 0x0000022e5f990500 DEOPT PACKING pc=0x0000022e4d89c6f8 sp=0x000000cb0a0fd0d0
Event: 18244.749 Thread 0x0000022e5f990500 DEOPT UNPACKING pc=0x0000022e4d00a1a3 sp=0x000000cb0a0fd068 mode 2
Event: 18244.766 Thread 0x0000022e5f990500 DEOPT PACKING pc=0x0000022e46170cba sp=0x000000cb0a0fdaf0
Event: 18244.766 Thread 0x0000022e5f990500 DEOPT UNPACKING pc=0x0000022e4d00ace3 sp=0x000000cb0a0fcfd8 mode 0
Event: 18382.707 Thread 0x0000022e5f98e6a0 Uncommon trap: trap_request=0xffffffcc fr.pc=0x0000022e4d8a0268 relative=0x0000000000000348
Event: 18382.707 Thread 0x0000022e5f98e6a0 Uncommon trap: reason=intrinsic_or_type_checked_inlining action=make_not_entrant pc=0x0000022e4d8a0268 method=java.util.ArrayList.toArray([Ljava/lang/Object;)[Ljava/lang/Object; @ 36 c2
Event: 18382.707 Thread 0x0000022e5f98e6a0 DEOPT PACKING pc=0x0000022e4d8a0268 sp=0x000000cb0a0fd760
Event: 18382.707 Thread 0x0000022e5f98e6a0 DEOPT UNPACKING pc=0x0000022e4d00a1a3 sp=0x000000cb0a0fd740 mode 2
Event: 18768.465 Thread 0x0000022e5d698060 DEOPT PACKING pc=0x0000022e45b055ba sp=0x000000cb0beff090
Event: 18768.465 Thread 0x0000022e5d698060 DEOPT UNPACKING pc=0x0000022e4d00ace3 sp=0x000000cb0befe508 mode 0
Event: 18833.979 Thread 0x0000022e5f990500 DEOPT PACKING pc=0x0000022e46355ad1 sp=0x000000cb0a0fde60
Event: 18834.002 Thread 0x0000022e5f990500 DEOPT UNPACKING pc=0x0000022e4d00ace3 sp=0x000000cb0a0fd2d8 mode 0
Event: 19236.257 Thread 0x0000022e5f993290 DEOPT PACKING pc=0x0000022e46489726 sp=0x000000cb0a0fee10
Event: 19236.257 Thread 0x0000022e5f993290 DEOPT UNPACKING pc=0x0000022e4d00ace3 sp=0x000000cb0a0fe318 mode 0
Event: 19594.157 Thread 0x0000022e5f991e50 DEOPT PACKING pc=0x0000022e4617f81c sp=0x000000cb0a0feaa0
Event: 19594.158 Thread 0x0000022e5f991e50 DEOPT UNPACKING pc=0x0000022e4d00ace3 sp=0x000000cb0a0fdff8 mode 0

Classes unloaded (20 events):
Event: 15190.900 Thread 0x0000022e58b37350 Unloading class 0x000000010033ec00 'jdk/internal/reflect/GeneratedMethodAccessor10'
Event: 15190.900 Thread 0x0000022e58b37350 Unloading class 0x000000010033e800 'jdk/internal/reflect/GeneratedMethodAccessor9'
Event: 15190.900 Thread 0x0000022e58b37350 Unloading class 0x00000001002d4000 'jdk/internal/reflect/GeneratedMethodAccessor8'
Event: 15190.900 Thread 0x0000022e58b37350 Unloading class 0x0000000100230400 'jdk/internal/reflect/GeneratedMethodAccessor7'
Event: 15190.900 Thread 0x0000022e58b37350 Unloading class 0x0000000100230000 'jdk/internal/reflect/GeneratedMethodAccessor6'
Event: 15190.900 Thread 0x0000022e58b37350 Unloading class 0x00000001002d3000 'jdk/internal/reflect/GeneratedMethodAccessor5'
Event: 15190.900 Thread 0x0000022e58b37350 Unloading class 0x00000001002d5400 'jdk/internal/reflect/GeneratedMethodAccessor4'
Event: 15190.900 Thread 0x0000022e58b37350 Unloading class 0x00000001002d5000 'jdk/internal/reflect/GeneratedMethodAccessor3'
Event: 15190.900 Thread 0x0000022e58b37350 Unloading class 0x000000010015d400 'jdk/internal/reflect/GeneratedConstructorAccessor25'
Event: 15190.900 Thread 0x0000022e58b37350 Unloading class 0x000000010022c800 'jdk/internal/reflect/GeneratedConstructorAccessor24'
Event: 15190.900 Thread 0x0000022e58b37350 Unloading class 0x000000010022d400 'jdk/internal/reflect/GeneratedConstructorAccessor23'
Event: 15190.900 Thread 0x0000022e58b37350 Unloading class 0x00000001002d2000 'jdk/internal/reflect/GeneratedConstructorAccessor17'
Event: 15190.900 Thread 0x0000022e58b37350 Unloading class 0x00000001002d2800 'jdk/internal/reflect/GeneratedConstructorAccessor16'
Event: 15190.900 Thread 0x0000022e58b37350 Unloading class 0x000000010033e000 'jdk/internal/reflect/GeneratedConstructorAccessor13'
Event: 15190.900 Thread 0x0000022e58b37350 Unloading class 0x000000010033dc00 'jdk/internal/reflect/GeneratedConstructorAccessor12'
Event: 15190.900 Thread 0x0000022e58b37350 Unloading class 0x000000010033d800 'jdk/internal/reflect/GeneratedConstructorAccessor11'
Event: 15190.900 Thread 0x0000022e58b37350 Unloading class 0x000000010033d400 'jdk/internal/reflect/GeneratedConstructorAccessor10'
Event: 15190.900 Thread 0x0000022e58b37350 Unloading class 0x000000010033d000 'jdk/internal/reflect/GeneratedConstructorAccessor9'
Event: 15190.900 Thread 0x0000022e58b37350 Unloading class 0x000000010033cc00 'jdk/internal/reflect/GeneratedConstructorAccessor8'
Event: 15190.900 Thread 0x0000022e58b37350 Unloading class 0x000000010033c800 'jdk/internal/reflect/GeneratedConstructorAccessor7'

Classes redefined (0 events):
No events

Internal exceptions (20 events):
Event: 64.148 Thread 0x0000022e5d6994a0 Exception <a 'java/lang/NoSuchMethodError'{0x00000000e1457f60}: 'int java.lang.invoke.DirectMethodHandle$Holder.invokeStatic(java.lang.Object, java.lang.Object, int)'> (0x00000000e1457f60) 
thrown [s\src\hotspot\share\interpreter\linkResolver.cpp, line 771]
Event: 64.151 Thread 0x0000022e5d6994a0 Exception <a 'java/lang/NoSuchMethodError'{0x00000000e1474050}: 'int java.lang.invoke.DirectMethodHandle$Holder.invokeStatic(java.lang.Object)'> (0x00000000e1474050) 
thrown [s\src\hotspot\share\interpreter\linkResolver.cpp, line 771]
Event: 64.151 Thread 0x0000022e5d6994a0 Exception <a 'java/lang/NoSuchMethodError'{0x00000000e14776f8}: 'int java.lang.invoke.DirectMethodHandle$Holder.invokeStaticInit(java.lang.Object)'> (0x00000000e14776f8) 
thrown [s\src\hotspot\share\interpreter\linkResolver.cpp, line 771]
Event: 64.162 Thread 0x0000022e5d6994a0 Exception <a 'java/lang/NoSuchMethodError'{0x00000000e14ca888}: 'java.lang.Object java.lang.invoke.DirectMethodHandle$Holder.invokeStatic(java.lang.Object, java.lang.Object, int)'> (0x00000000e14ca888) 
thrown [s\src\hotspot\share\interpreter\linkResolver.cpp, line 771]
Event: 64.163 Thread 0x0000022e5d6994a0 Exception <a 'java/lang/NoSuchMethodError'{0x00000000e14d63c0}: 'void java.lang.invoke.DelegatingMethodHandle$Holder.delegate(java.lang.Object, java.lang.Object, int, java.lang.Object)'> (0x00000000e14d63c0) 
thrown [s\src\hotspot\share\interpreter\linkResolver.cpp, line 771]
Event: 64.171 Thread 0x0000022e5d6994a0 Exception <a 'java/lang/NoSuchMethodError'{0x00000000e1312268}: 'java.lang.Object java.lang.invoke.DirectMethodHandle$Holder.invokeInterface(java.lang.Object, java.lang.Object)'> (0x00000000e1312268) 
thrown [s\src\hotspot\share\interpreter\linkResolver.cpp, line 771]
Event: 64.171 Thread 0x0000022e5d6994a0 Exception <a 'java/lang/IncompatibleClassChangeError'{0x00000000e1315850}: Found class java.lang.Object, but interface was expected> (0x00000000e1315850) 
thrown [s\src\hotspot\share\interpreter\linkResolver.cpp, line 838]
Event: 64.172 Thread 0x0000022e5d6994a0 Exception <a 'java/lang/NoSuchMethodError'{0x00000000e1320b80}: 'void java.lang.invoke.DirectMethodHandle$Holder.invokeSpecial(java.lang.Object, java.lang.Object, java.lang.Object)'> (0x00000000e1320b80) 
thrown [s\src\hotspot\share\interpreter\linkResolver.cpp, line 771]
Event: 64.173 Thread 0x0000022e5d6994a0 Exception <a 'java/lang/NoSuchMethodError'{0x00000000e1335058}: 'java.lang.Object java.lang.invoke.DirectMethodHandle$Holder.newInvokeSpecial(java.lang.Object, java.lang.Object, java.lang.Object, int, java.lang.Object)'> (0x00000000e1335058) 
thrown [s\src\hotspot\share\interpreter\linkResolver.cpp, line 771]
Event: 64.354 Thread 0x0000022e5d6994a0 Exception <a 'java/lang/NoSuchMethodError'{0x00000000e14690c8}: 'java.lang.Object java.lang.invoke.DirectMethodHandle$Holder.newInvokeSpecial(java.lang.Object, long, int, java.lang.Object)'> (0x00000000e14690c8) 
thrown [s\src\hotspot\share\interpreter\linkResolver.cpp, line 771]
Event: 64.360 Thread 0x0000022e5d6994a0 Exception <a 'java/lang/NoSuchMethodError'{0x00000000e14bd978}: 'void java.lang.invoke.DirectMethodHandle$Holder.invokeStaticInit(java.lang.Object, java.lang.Object, java.lang.Object, java.lang.Object)'> (0x00000000e14bd978) 
thrown [s\src\hotspot\share\interpreter\linkResolver.cpp, line 771]
Event: 64.454 Thread 0x0000022e5d6994a0 Exception <a 'java/lang/NoSuchMethodError'{0x00000000e11523f8}: 'int java.lang.invoke.DirectMethodHandle$Holder.invokeInterface(java.lang.Object, java.lang.Object)'> (0x00000000e11523f8) 
thrown [s\src\hotspot\share\interpreter\linkResolver.cpp, line 771]
Event: 64.454 Thread 0x0000022e5d6994a0 Exception <a 'java/lang/IncompatibleClassChangeError'{0x00000000e1155988}: Found class java.lang.Object, but interface was expected> (0x00000000e1155988) 
thrown [s\src\hotspot\share\interpreter\linkResolver.cpp, line 838]
Event: 64.455 Thread 0x0000022e5d6994a0 Exception <a 'java/lang/NoSuchMethodError'{0x00000000e115b6f8}: 'void java.lang.invoke.DirectMethodHandle$Holder.invokeStatic(java.lang.Object, java.lang.Object)'> (0x00000000e115b6f8) 
thrown [s\src\hotspot\share\interpreter\linkResolver.cpp, line 771]
Event: 65.219 Thread 0x0000022e5d6994a0 Exception <a 'java/lang/NoSuchMethodError'{0x00000000e7426d30}: 'java.lang.Object java.lang.invoke.Invokers$Holder.linkToTargetMethod(java.lang.Object, java.lang.Object, java.lang.Object, java.lang.Object, int, java.lang.Object, java.lang.Object)'> (0x00000000e7426d30) 
thrown [s\src\hotspot\share\interpreter\linkResolver.cpp, line 771]
Event: 65.234 Thread 0x0000022e5d6994a0 Exception <a 'java/lang/NoSuchMethodError'{0x00000000e74bd170}: 'java.lang.Object java.lang.invoke.DirectMethodHandle$Holder.newInvokeSpecial(java.lang.Object, java.lang.Object, java.lang.Object, java.lang.Object, java.lang.Object, java.lang.Object, java.lang.Object, int)'> (0x00000000e74bd170) 
thrown [s\src\hotspot\share\interpreter\linkResolver.cpp, line 771]
Event: 65.234 Thread 0x0000022e5d6994a0 Exception <a 'java/lang/NoSuchMethodError'{0x00000000e74c55b0}: 'java.lang.Object java.lang.invoke.DirectMethodHandle$Holder.invokeSpecial(java.lang.Object, java.lang.Object, java.lang.Object, java.lang.Object, java.lang.Object, java.lang.Object, java.lang.Object, java.lang.Object, int)'> (0x00000000e74c55b0) 
thrown [s\src\hotspot\share\interpreter\linkResolver.cpp, line 771]
Event: 65.234 Thread 0x0000022e5d6994a0 Exception <a 'java/lang/NoSuchMethodError'{0x00000000e74ca078}: 'java.lang.Object java.lang.invoke.Invokers$Holder.linkToTargetMethod(java.lang.Object, java.lang.Object, java.lang.Object, java.lang.Object, java.lang.Object, java.lang.Object, int, java.lang.Object)'> (0x00000000e74ca078) 
thrown [s\src\hotspot\share\interpreter\linkResolver.cpp, line 771]
Event: 65.260 Thread 0x0000022e5d6994a0 Implicit null exception at 0x0000022e4d63f7af to 0x0000022e4d63fa20
Event: 65.260 Thread 0x0000022e5d6994a0 Implicit null exception at 0x0000022e4d644191 to 0x0000022e4d6442c8

VM Operations (20 events):
Event: 19565.447 Executing VM operation: G1TryInitiateConcMark done
Event: 19565.447 Executing VM operation: G1TryInitiateConcMark
Event: 19565.449 Executing VM operation: G1TryInitiateConcMark done
Event: 19565.760 Executing VM operation: G1CollectFull
Event: 19565.788 Executing VM operation: G1CollectFull done
Event: 19594.065 Executing VM operation: G1CollectFull
Event: 19594.093 Executing VM operation: G1CollectFull done
Event: 19594.430 Executing VM operation: G1TryInitiateConcMark
Event: 19594.431 Executing VM operation: G1TryInitiateConcMark done
Event: 19594.432 Executing VM operation: G1TryInitiateConcMark
Event: 19594.432 Executing VM operation: G1TryInitiateConcMark done
Event: 19594.433 Executing VM operation: G1TryInitiateConcMark
Event: 19594.434 Executing VM operation: G1TryInitiateConcMark done
Event: 19594.434 Executing VM operation: G1TryInitiateConcMark
Event: 19594.435 Executing VM operation: G1TryInitiateConcMark done
Event: 19594.437 Executing VM operation: G1TryInitiateConcMark
Event: 19594.438 Executing VM operation: G1TryInitiateConcMark done
Event: 19594.439 Executing VM operation: G1TryInitiateConcMark
Event: 19594.440 Executing VM operation: G1TryInitiateConcMark done
Event: 19594.643 Executing VM operation: G1CollectFull

Events (20 events):
Event: 19433.470 Thread 0x0000022e5f9946d0 Thread added: 0x0000022e5f9946d0
Event: 19433.470 Thread 0x0000022e5f9950f0 Thread added: 0x0000022e5f9950f0
Event: 19433.472 Thread 0x0000022e5f98f5d0 Thread added: 0x0000022e5f98f5d0
Event: 19433.474 Thread 0x0000022e5f98fff0 Thread added: 0x0000022e5f98fff0
Event: 19433.475 Thread 0x0000022e5f991940 Thread added: 0x0000022e5f991940
Event: 19433.475 Thread 0x0000022e5f98fff0 Thread exited: 0x0000022e5f98fff0
Event: 19433.475 Thread 0x0000022e5f9946d0 Thread exited: 0x0000022e5f9946d0
Event: 19433.475 Thread 0x0000022e5f98f5d0 Thread exited: 0x0000022e5f98f5d0
Event: 19433.475 Thread 0x0000022e5f996020 Thread exited: 0x0000022e5f996020
Event: 19433.475 Thread 0x0000022e5f991940 Thread exited: 0x0000022e5f991940
Event: 19493.482 Thread 0x0000022e5f994be0 Thread exited: 0x0000022e5f994be0
Event: 19493.544 Thread 0x0000022e5f98e6a0 Thread exited: 0x0000022e5f98e6a0
Event: 19523.110 Thread 0x0000022e5f991e50 Thread added: 0x0000022e5f991e50
Event: 19523.481 Thread 0x0000022e5f98e6a0 Thread added: 0x0000022e5f98e6a0
Event: 19523.482 Thread 0x0000022e5f98e6a0 Thread exited: 0x0000022e5f98e6a0
Event: 19553.486 Thread 0x0000022e5f990f20 Thread exited: 0x0000022e5f990f20
Event: 19565.663 Thread 0x0000022e5f995600 Thread added: 0x0000022e5f995600
Event: 19565.664 Thread 0x0000022e5f995600 Thread exited: 0x0000022e5f995600
Event: 19594.557 Thread 0x0000022e5f990500 Thread added: 0x0000022e5f990500
Event: 19594.565 Thread 0x0000022e5f990500 Thread exited: 0x0000022e5f990500


Dynamic libraries:
0x00007ff6a62e0000 - 0x00007ff6a62ea000 	C:\Program Files\Huawei\DevEco Studio\jbr\bin\java.exe
0x00007ffc069d0000 - 0x00007ffc06bc8000 	C:\WINDOWS\SYSTEM32\ntdll.dll
0x00007ffc05ec0000 - 0x00007ffc05f82000 	C:\WINDOWS\System32\KERNEL32.DLL
0x00007ffc040b0000 - 0x00007ffc043a7000 	C:\WINDOWS\System32\KERNELBASE.dll
0x00007ffc04660000 - 0x00007ffc04760000 	C:\WINDOWS\System32\ucrtbase.dll
0x00007ffbf7260000 - 0x00007ffbf7277000 	C:\Program Files\Huawei\DevEco Studio\jbr\bin\jli.dll
0x00007ffbfc430000 - 0x00007ffbfc44b000 	C:\Program Files\Huawei\DevEco Studio\jbr\bin\VCRUNTIME140.dll
0x00007ffc04ab0000 - 0x00007ffc04c4d000 	C:\WINDOWS\System32\USER32.dll
0x00007ffbefd10000 - 0x00007ffbeffaa000 	C:\WINDOWS\WinSxS\amd64_microsoft.windows.common-controls_6595b64144ccf1df_6.0.19041.5915_none_60b4b9d171f9c7c7\COMCTL32.dll
0x00007ffc049c0000 - 0x00007ffc049e2000 	C:\WINDOWS\System32\win32u.dll
0x00007ffc058c0000 - 0x00007ffc0595e000 	C:\WINDOWS\System32\msvcrt.dll
0x00007ffc05c90000 - 0x00007ffc05cbb000 	C:\WINDOWS\System32\GDI32.dll
0x00007ffc04760000 - 0x00007ffc04879000 	C:\WINDOWS\System32\gdi32full.dll
0x00007ffc045c0000 - 0x00007ffc0465d000 	C:\WINDOWS\System32\msvcp_win.dll
0x00007ffc05b30000 - 0x00007ffc05b5f000 	C:\WINDOWS\System32\IMM32.DLL
0x00007ffbfc3e0000 - 0x00007ffbfc3ec000 	C:\Program Files\Huawei\DevEco Studio\jbr\bin\vcruntime140_1.dll
0x00007ffbd70e0000 - 0x00007ffbd716d000 	C:\Program Files\Huawei\DevEco Studio\jbr\bin\msvcp140.dll
0x00007ffbcd3d0000 - 0x00007ffbce055000 	C:\Program Files\Huawei\DevEco Studio\jbr\bin\server\jvm.dll
0x00007ffc049f0000 - 0x00007ffc04aa1000 	C:\WINDOWS\System32\ADVAPI32.dll
0x00007ffc05a90000 - 0x00007ffc05b2f000 	C:\WINDOWS\System32\sechost.dll
0x00007ffc05960000 - 0x00007ffc05a86000 	C:\WINDOWS\System32\RPCRT4.dll
0x00007ffc043b0000 - 0x00007ffc043d7000 	C:\WINDOWS\System32\bcrypt.dll
0x00007ffc035b0000 - 0x00007ffc035fb000 	C:\WINDOWS\SYSTEM32\POWRPROF.dll
0x00007ffbf2c60000 - 0x00007ffbf2c87000 	C:\WINDOWS\SYSTEM32\WINMM.dll
0x00007ffc00b00000 - 0x00007ffc00b0a000 	C:\WINDOWS\SYSTEM32\VERSION.dll
0x00007ffbe5200000 - 0x00007ffbe5209000 	C:\WINDOWS\SYSTEM32\WSOCK32.dll
0x00007ffc05840000 - 0x00007ffc058ab000 	C:\WINDOWS\System32\WS2_32.dll
0x00007ffc03420000 - 0x00007ffc03432000 	C:\WINDOWS\SYSTEM32\UMPDC.dll
0x00007ffc02840000 - 0x00007ffc02852000 	C:\WINDOWS\SYSTEM32\kernel.appcore.dll
0x00007ffc00bf0000 - 0x00007ffc00bfa000 	C:\Program Files\Huawei\DevEco Studio\jbr\bin\jimage.dll
0x00007ffc01a10000 - 0x00007ffc01c11000 	C:\WINDOWS\SYSTEM32\DBGHELP.DLL
0x00007ffbc9e80000 - 0x00007ffbc9eb4000 	C:\WINDOWS\SYSTEM32\dbgcore.DLL
0x00007ffc04880000 - 0x00007ffc04902000 	C:\WINDOWS\System32\bcryptPrimitives.dll
0x00007ffbfc110000 - 0x00007ffbfc135000 	C:\Program Files\Huawei\DevEco Studio\jbr\bin\java.dll
0x00007ffc00a80000 - 0x00007ffc00a98000 	C:\Program Files\Huawei\DevEco Studio\jbr\bin\zip.dll
0x00007ffc04c50000 - 0x00007ffc053be000 	C:\WINDOWS\System32\SHELL32.dll
0x00007ffc02080000 - 0x00007ffc02824000 	C:\WINDOWS\SYSTEM32\windows.storage.dll
0x00007ffc05f90000 - 0x00007ffc062e3000 	C:\WINDOWS\System32\combase.dll
0x00007ffc039b0000 - 0x00007ffc039db000 	C:\WINDOWS\SYSTEM32\Wldp.dll
0x00007ffc05cc0000 - 0x00007ffc05d8d000 	C:\WINDOWS\System32\OLEAUT32.dll
0x00007ffc053c0000 - 0x00007ffc0546d000 	C:\WINDOWS\System32\SHCORE.dll
0x00007ffc05700000 - 0x00007ffc0575b000 	C:\WINDOWS\System32\shlwapi.dll
0x00007ffc03f90000 - 0x00007ffc03fb4000 	C:\WINDOWS\SYSTEM32\profapi.dll
0x00007ffbfdae0000 - 0x00007ffbfdaf9000 	C:\Program Files\Huawei\DevEco Studio\jbr\bin\net.dll
0x00007ffbfcb80000 - 0x00007ffbfcc8a000 	C:\WINDOWS\SYSTEM32\WINHTTP.dll
0x00007ffc03790000 - 0x00007ffc037fa000 	C:\WINDOWS\system32\mswsock.dll
0x00007ffbfc0f0000 - 0x00007ffbfc106000 	C:\Program Files\Huawei\DevEco Studio\jbr\bin\nio.dll
0x00007ffbfc0b0000 - 0x00007ffbfc0b9000 	C:\Program Files\Huawei\DevEco Studio\jbr\bin\extnet.dll
0x00007ffbfc150000 - 0x00007ffbfc15e000 	C:\Program Files\Huawei\DevEco Studio\jbr\bin\sunmscapi.dll
0x00007ffc043e0000 - 0x00007ffc0453d000 	C:\WINDOWS\System32\CRYPT32.dll
0x00007ffc03b00000 - 0x00007ffc03b27000 	C:\WINDOWS\SYSTEM32\ncrypt.dll
0x00007ffc03ac0000 - 0x00007ffc03afb000 	C:\WINDOWS\SYSTEM32\NTASN1.dll
0x00007ffbc5860000 - 0x00007ffbc5867000 	C:\WINDOWS\system32\wshunix.dll
0x00007ffc039f0000 - 0x00007ffc03a08000 	C:\WINDOWS\SYSTEM32\CRYPTSP.dll
0x00007ffc03060000 - 0x00007ffc03098000 	C:\WINDOWS\system32\rsaenh.dll
0x00007ffc03f10000 - 0x00007ffc03f3e000 	C:\WINDOWS\SYSTEM32\USERENV.dll
0x00007ffc03920000 - 0x00007ffc0392c000 	C:\WINDOWS\SYSTEM32\CRYPTBASE.dll
0x00007ffc03440000 - 0x00007ffc0347b000 	C:\WINDOWS\SYSTEM32\IPHLPAPI.DLL
0x00007ffc058b0000 - 0x00007ffc058b8000 	C:\WINDOWS\System32\NSI.dll
0x00007ffbfbe60000 - 0x00007ffbfbe77000 	C:\WINDOWS\SYSTEM32\dhcpcsvc6.DLL
0x00007ffbfbe40000 - 0x00007ffbfbe5d000 	C:\WINDOWS\SYSTEM32\dhcpcsvc.DLL
0x00007ffc03490000 - 0x00007ffc0355a000 	C:\WINDOWS\SYSTEM32\DNSAPI.dll
0x00007ffbfc070000 - 0x00007ffbfc079000 	C:\Program Files\Huawei\DevEco Studio\jbr\bin\management.dll
0x00007ffbfc060000 - 0x00007ffbfc06b000 	C:\Program Files\Huawei\DevEco Studio\jbr\bin\management_ext.dll
0x00007ffc05470000 - 0x00007ffc05478000 	C:\WINDOWS\System32\PSAPI.DLL
0x00007ffbcae00000 - 0x00007ffbcae17000 	C:\WINDOWS\system32\napinsp.dll
0x00007ffbcade0000 - 0x00007ffbcadfb000 	C:\WINDOWS\system32\pnrpnsp.dll
0x00007ffbfcdc0000 - 0x00007ffbfcddd000 	C:\WINDOWS\system32\wshbth.dll
0x00007ffbfcc90000 - 0x00007ffbfccad000 	C:\WINDOWS\system32\NLAapi.dll
0x00007ffbcadc0000 - 0x00007ffbcadd2000 	C:\WINDOWS\System32\winrnr.dll
0x000000006f170000 - 0x000000006f196000 	C:\Program Files\Bonjour\mdnsNSP.dll
0x00007ffbfafc0000 - 0x00007ffbfafca000 	C:\Windows\System32\rasadhlp.dll
0x00007ffbf86b0000 - 0x00007ffbf8730000 	C:\WINDOWS\System32\fwpuclnt.dll

dbghelp: loaded successfully - version: 4.0.5 - missing functions: none
symbol engine: initialized successfully - sym options: 0x614 - pdb path: .;C:\Program Files\Huawei\DevEco Studio\jbr\bin;C:\WINDOWS\SYSTEM32;C:\WINDOWS\WinSxS\amd64_microsoft.windows.common-controls_6595b64144ccf1df_6.0.19041.5915_none_60b4b9d171f9c7c7;C:\Program Files\Huawei\DevEco Studio\jbr\bin\server;C:\Program Files\Bonjour

VM Arguments:
jvm_args: -Xmx512m 
java_command: C:\Program Files\Huawei\DevEco Studio\tools\hvigor\hvigor\lib\hvigor-java-daemon.jar 45050 00000050ab64a86b80105278142f8fe9449dc8cea10546655aea337a0e62f70b925e0f0de5b90ee92cddef473b2b0165058911ed8c4a65c99e0b20ad285728d275ab1848a6debe0339654e4c4ddcd76a36bc53dc35861ccef39a24e55d15902a
java_class_path (initial): C:\Program Files\Huawei\DevEco Studio\tools\hvigor\hvigor\lib\hvigor-java-daemon.jar
Launcher Type: SUN_STANDARD

[Global flags]
     intx CICompilerCount                          = 4                                         {product} {ergonomic}
     uint ConcGCThreads                            = 2                                         {product} {ergonomic}
     uint G1ConcRefinementThreads                  = 8                                         {product} {ergonomic}
   size_t G1HeapRegionSize                         = 1048576                                   {product} {ergonomic}
    uintx GCDrainStackTargetSize                   = 64                                        {product} {ergonomic}
   size_t InitialHeapSize                          = 264241152                                 {product} {ergonomic}
   size_t MarkStackSize                            = 4194304                                   {product} {ergonomic}
   size_t MaxHeapSize                              = 536870912                                 {product} {command line}
   size_t MaxNewSize                               = 321912832                                 {product} {ergonomic}
   size_t MinHeapDeltaBytes                        = 1048576                                   {product} {ergonomic}
   size_t MinHeapSize                              = 8388608                                   {product} {ergonomic}
    uintx NonNMethodCodeHeapSize                   = 5839372                                {pd product} {ergonomic}
    uintx NonProfiledCodeHeapSize                  = 122909434                              {pd product} {ergonomic}
    uintx ProfiledCodeHeapSize                     = 122909434                              {pd product} {ergonomic}
    uintx ReservedCodeCacheSize                    = 251658240                              {pd product} {ergonomic}
     bool SegmentedCodeCache                       = true                                      {product} {ergonomic}
   size_t SoftMaxHeapSize                          = 536870912                              {manageable} {ergonomic}
     bool UseCompressedClassPointers               = true                           {product lp64_product} {ergonomic}
     bool UseCompressedOops                        = true                           {product lp64_product} {ergonomic}
     bool UseG1GC                                  = true                                      {product} {ergonomic}
     bool UseLargePagesIndividualAllocation        = false                                  {pd product} {ergonomic}

Logging:
Log output configuration:
 #0: stdout all=warning uptime,level,tags
 #1: stderr all=off uptime,level,tags

Environment Variables:
JAVA_HOME=C:\Program Files\Huawei\DevEco Studio\jbr
PATH=C:\Program Files\Huawei\DevEco Studio\tools\node;C:\Program Files\Huawei\DevEco Studio\jbr\bin;C:\Program Files\Common Files\Oracle\Java\javapath;C:\Program Files\Eclipse Adoptium\jdk-17.0.16.8-hotspot\bin;C:\Python313\Scripts\;C:\Python313\;C:\Program Files (x86)\Common Files\Intel\Shared Libraries\redist\intel64_win\compiler;C:\WINDOWS\system32;C:\WINDOWS;C:\WINDOWS\System32\Wbem;C:\WINDOWS\System32\WindowsPowerShell\v1.0\;C:\WINDOWS\System32\OpenSSH\;E:\AndroidNode\;C:\ProgramData\chocolatey\bin;E:\DEV Sdk;E:\devecostudio-windows-5.1.0.849\DevEco Studio\Git\cmd;C:\Program Files\Huawei\DevEco Studio\sdk\default\openharmony\toolchains;E:\AndroidJDK\bin;E:\AndroidJDK\jre\bin;C:\Program Files\TortoiseGit\bin;C:\Users\501\AppData\Local\Microsoft\WindowsApps;;C:\Program Files\Huawei\DevEco Studio\bin;;C:\Users\501\AppData\Roaming\npm
USERNAME=501
OS=Windows_NT
PROCESSOR_IDENTIFIER=Intel64 Family 6 Model 140 Stepping 1, GenuineIntel
TMP=C:\Users\501\AppData\Local\Temp
TEMP=C:\Users\501\AppData\Local\Temp



Periodic native trim disabled

JNI global refs:
JNI global refs: 18, weak refs: 0

JNI global refs memory usage: 843, weak refs: 209

OOME stack traces (most recent first):
Classloader memory used:
Loader bootstrap                                                                       : 2514K
Loader java.net.FactoryURLClassLoader                                                  : 1534K
Loader jdk.internal.loader.ClassLoaders$AppClassLoader                                 : 89296B
Loader jdk.internal.loader.ClassLoaders$PlatformClassLoader                            : 59392B
Loader jdk.internal.reflect.DelegatingClassLoader                                      : 23628B


---------------  S Y S T E M  ---------------

OS:
 Windows 10 , 64 bit Build 19041 (10.0.19041.5915)
OS uptime: 9 days 21:39 hours
Hyper-V role detected

CPU: total 8 (initial active 8) (4 cores per cpu, 2 threads per core) family 6 model 140 stepping 1 microcode 0x86, cx8, cmov, fxsr, ht, mmx, 3dnowpref, sse, sse2, sse3, ssse3, sse4.1, sse4.2, popcnt, lzcnt, tsc, tscinvbit, avx, avx2, aes, erms, clmul, bmi1, bmi2, adx, avx512f, avx512dq, avx512cd, avx512bw, avx512vl, sha, fma, vzeroupper, avx512_vpopcntdq, avx512_vpclmulqdq, avx512_vaes, avx512_vnni, clflush, clflushopt, clwb, avx512_vbmi2, avx512_vbmi, hv
Processor Information for all 8 processors :
  Max Mhz: 2803, Current Mhz: 2803, Mhz Limit: 2803

Memory: 4k page, system-wide physical 16082M (1562M free)
TotalPageFile size 35201M (AvailPageFile size 12M)
current process WorkingSet (physical memory assigned to process): 129M, peak: 248M
current process commit charge ("private bytes"): 307M, peak: 468M

vm_info: OpenJDK 64-Bit Server VM (17.0.12+1-b1087.25) for windows-amd64 JRE (17.0.12+1-b1087.25), built on 2024-08-30 by "builduser" with MS VC++ 16.10 / 16.11 (VS2019)

END.
